# JRE version: OpenJDK Runtime Environment (11.0.8+10) (build 11.0.8+10-b944.6842174)
# Java VM: OpenJDK 64-Bit Server VM (11.0.8+10-b944.6842174, mixed mode, tiered, compressed oops, g1 gc, windows-amd64)
Heap:
 garbage-first heap   total 524288K, used 30828K [0x00000000a0000000, 0x0000000100000000)
  region size 1024K, 13 young (13312K), 6 survivors (6144K)
 Metaspace       used 35869K, capacity 36690K, committed 36940K, reserved 1081344K
  class space    used 4597K, capacity 4893K, committed 4940K, reserved 1048576K
GC Heap History (8 events):
Event: 0.746 GC heap before
{Heap before GC invocations=0 (full 0):
 garbage-first heap   total 524288K, used 31744K [0x00000000a0000000, 0x0000000100000000)
  region size 1024K, 25 young (25600K), 0 survivors (0K)
 Metaspace       used 10802K, capacity 11063K, committed 11264K, reserved 1058816K
  class space    used 1142K, capacity 1201K, committed 1280K, reserved 1048576K
}
Event: 0.750 GC heap after
{Heap after GC invocations=1 (full 0):
 garbage-first heap   total 524288K, used 8866K [0x00000000a0000000, 0x0000000100000000)
  region size 1024K, 4 young (4096K), 4 survivors (4096K)
 Metaspace       used 10802K, capacity 11063K, committed 11264K, reserved 1058816K
  class space    used 1142K, capacity 1201K, committed 1280K, reserved 1048576K
}
Event: 2.132 GC heap before
{Heap before GC invocations=1 (full 0):
 garbage-first heap   total 524288K, used 92834K [0x00000000a0000000, 0x0000000100000000)
  region size 1024K, 88 young (90112K), 4 survivors (4096K)
 Metaspace       used 20559K, capacity 21095K, committed 21248K, reserved 1067008K
  class space    used 2523K, capacity 2712K, committed 2816K, reserved 1048576K
}
Event: 2.142 GC heap after
{Heap after GC invocations=2 (full 0):
 garbage-first heap   total 524288K, used 16257K [0x00000000a0000000, 0x0000000100000000)
  region size 1024K, 12 young (12288K), 12 survivors (12288K)
 Metaspace       used 20559K, capacity 21095K, committed 21248K, reserved 1067008K
  class space    used 2523K, capacity 2712K, committed 2816K, reserved 1048576K
}
Event: 2.547 GC heap before
{Heap before GC invocations=3 (full 0):
 garbage-first heap   total 524288K, used 56193K [0x00000000a0000000, 0x0000000100000000)
  region size 1024K, 52 young (53248K), 12 survivors (12288K)
 Metaspace       used 25246K, capacity 25871K, committed 26112K, reserved 1071104K
  class space    used 3275K, capacity 3497K, committed 3584K, reserved 1048576K
}
Event: 2.554 GC heap after
{Heap after GC invocations=4 (full 0):
 garbage-first heap   total 524288K, used 18335K [0x00000000a0000000, 0x0000000100000000)
  region size 1024K, 3 young (3072K), 3 survivors (3072K)
 Metaspace       used 25246K, capacity 25871K, committed 26112K, reserved 1071104K
  class space    used 3275K, capacity 3497K, committed 3584K, reserved 1048576K
}
Event: 3.314 GC heap before
{Heap before GC invocations=4 (full 0):
 garbage-first heap   total 524288K, used 77727K [0x00000000a0000000, 0x0000000100000000)
  region size 1024K, 62 young (63488K), 3 survivors (3072K)
 Metaspace       used 35029K, capacity 35803K, committed 35840K, reserved 1081344K
  class space    used 4561K, capacity 4854K, committed 4864K, reserved 1048576K
}
Event: 3.323 GC heap after
{Heap after GC invocations=5 (full 0):
 garbage-first heap   total 524288K, used 21612K [0x00000000a0000000, 0x0000000100000000)
  region size 1024K, 6 young (6144K), 6 survivors (6144K)
 Metaspace       used 35029K, capacity 35803K, committed 35840K, reserved 1081344K
  class space    used 4561K, capacity 4854K, committed 4864K, reserved 1048576K
}

